2025-02-10 00:48:29.701 | INFO     | __main__:transformTextData:137 - Data loaded!
2025-02-10 00:48:29.719 | INFO     | __main__:tokenize:50 - Applying tokenization...
2025-02-10 00:51:48.469 | INFO     | __main__:tokenize:54 - Tokenization applied successfully!
2025-02-10 00:51:48.469 | INFO     | __main__:trainDoc2Vec:62 - Training Doc2Vec model...
2025-02-10 01:33:20.949 | INFO     | __main__:trainDoc2Vec:88 - Doc2Vec model trained successfully!
2025-02-10 01:35:23.871 | INFO     | __main__:trainDoc2Vec:102 - Text preprocessing complete!
2025-02-10 01:35:33.390 | INFO     | __main__:transformTextData:146 - Data saved to C:\Users\Achille Nguessie\Desktop\Projects\2024\traffic-accident-impact\data\processed\final\text_preprocessed.parquet
2025-02-10 03:11:18.798 | INFO     | __main__:transformTextData:172 - Data loaded!
2025-02-10 03:11:18.816 | INFO     | __main__:tokenize:82 - Applying tokenization...
2025-02-10 03:14:38.869 | SUCCESS  | __main__:tokenize:86 - Tokenization applied successfully!!
2025-02-10 03:14:38.870 | INFO     | __main__:trainDoc2Vec:94 - Training Doc2Vec model...
2025-02-10 03:16:14.890 | INFO     | __main__:transformTextData:172 - Data loaded!
2025-02-10 03:16:15.532 | SUCCESS  | __main__:categorical_features_normalization:48 - Dropped column 'visibility(mi)'...
2025-02-10 03:16:24.619 | SUCCESS  | __main__:categorical_features_normalization:57 - Converted object columns to category type...
2025-02-10 03:17:34.994 | SUCCESS  | __main__:categorical_features_normalization:63 - Categorical columns normalization done!!
2025-02-10 03:17:34.999 | INFO     | __main__:tokenize:82 - Applying tokenization...
2025-02-10 03:20:56.349 | SUCCESS  | __main__:tokenize:86 - Tokenization applied successfully!!
2025-02-10 03:20:56.350 | INFO     | __main__:trainDoc2Vec:94 - Training Doc2Vec model...
2025-02-10 04:01:54.731 | SUCCESS  | __main__:trainDoc2Vec:120 - Doc2Vec model trained successfully!!
2025-02-10 04:03:58.515 | INFO     | __main__:trainDoc2Vec:127 - Applying PCA...
2025-02-10 04:04:13.074 | SUCCESS  | __main__:trainDoc2Vec:135 - Applied PCA successfully!!
2025-02-10 04:04:13.075 | INFO     | __main__:trainDoc2Vec:137 - Text preprocessing complete!!
2025-02-10 04:04:28.048 | INFO     | __main__:transformTextData:182 - Data saved to C:\Users\Achille Nguessie\Desktop\Projects\2024\traffic-accident-impact\data\processed\final\final_data.parquet
